<?xml version="1.0" encoding="UTF-8"?>
<!-- Generated by org.testng.reporters.JUnitReportReporter -->
<testsuite hostname="DEEPIKAPATIL" failures="0" tests="1" name="com.qa.api.test.DeleteTest" time="6.481" errors="0" timestamp="2025-03-18T14:43:17 IST" skipped="0">
  <testcase classname="com.qa.api.test.DeleteTest" name="CreateUserTestUsingBuilderDeleteTest" time="6.481"/>
</testsuite> <!-- com.qa.api.test.DeleteTest -->
