<?xml version="1.0" encoding="UTF-8"?>
<!-- Generated by org.testng.reporters.JUnitReportReporter -->
<testsuite hostname="DEEPIKAPATIL" failures="0" tests="1" name="com.qa.api.tests.PatchUpdateTest" time="2.194" errors="0" timestamp="2025-03-19T14:56:38 IST" skipped="0">
  <testcase classname="com.qa.api.tests.PatchUpdateTest" name="CreateUserTestUsingBuilderPatchTest" time="2.194"/>
</testsuite> <!-- com.qa.api.tests.PatchUpdateTest -->
