<?xml version="1.0" encoding="UTF-8"?>
<!-- Generated by org.testng.reporters.JUnitReportReporter -->
<testsuite hostname="DEEPIKAPATIL" failures="0" tests="1" name="com.qa.api.test.PutUpdateTest" time="5.012" errors="0" timestamp="2025-03-18T14:08:17 IST" skipped="0">
  <testcase classname="com.qa.api.test.PutUpdateTest" name="CreateUserTestUsingBuilderTest" time="5.012"/>
</testsuite> <!-- com.qa.api.test.PutUpdateTest -->
