<?xml version="1.0" encoding="UTF-8"?>
<!-- Generated by org.testng.reporters.JUnitReportReporter -->
<testsuite hostname="DEEPIKAPATIL" failures="0" tests="3" name="com.qa.api.tests.CreateUserTest" time="4.006" errors="0" timestamp="2025-03-31T09:45:10 IST" skipped="1">
  <testcase classname="com.qa.api.tests.CreateUserTest" name="CreateUserTestUsingBuilderTest" time="1.845"/>
  <testcase classname="com.qa.api.tests.CreateUserTest" name="CreateUserTest" time="2.161"/>
  <testcase classname="com.qa.api.tests.CreateUserTest" name="CreateUserTestUsingJSONFile">
    <skipped/>
  </testcase> <!-- CreateUserTestUsingJSONFile -->
</testsuite> <!-- com.qa.api.tests.CreateUserTest -->
