<?xml version="1.0" encoding="UTF-8"?>
<!-- Generated by org.testng.reporters.JUnitReportReporter -->
<testsuite hostname="DEEPIKAPATIL" failures="0" tests="2" name="com.qa.api.test.GetUserTest" time="2.438" errors="0" timestamp="2025-03-17T11:44:44 IST" skipped="0">
  <testcase classname="com.qa.api.test.GetUserTest" name="getSingleUserTest" time="0.647"/>
  <testcase classname="com.qa.api.test.GetUserTest" name="getAllUserTest" time="1.791"/>
</testsuite> <!-- com.qa.api.test.GetUserTest -->
