<?xml version="1.0" encoding="UTF-8"?>
<!-- Generated by org.testng.reporters.JUnitReportReporter -->
<testsuite hostname="DEEPIKAPATIL" failures="0" tests="2" name="com.qa.products.api.test.ProductAPITest" time="0.948" errors="0" timestamp="2025-07-09T10:37:02 IST" skipped="0">
  <testcase classname="com.qa.products.api.test.ProductAPITest" name="getProductAPITest" time="0.442"/>
  <testcase classname="com.qa.products.api.test.ProductAPITest" name="getProductAPILimitTest" time="0.506"/>
</testsuite> <!-- com.qa.products.api.test.ProductAPITest -->
