<?xml version="1.0" encoding="UTF-8"?>
<!-- Generated by org.testng.reporters.JUnitReportReporter -->
<testsuite hostname="DEEPIKAPATIL" failures="0" tests="1" name="com.qa.api.tests.GetUserWithDeserilization" time="0.640" errors="0" timestamp="2025-03-31T09:45:10 IST" skipped="0">
  <testcase classname="com.qa.api.tests.GetUserWithDeserilization" name="getDeserilizeAllUserTest" time="0.640"/>
</testsuite> <!-- com.qa.api.tests.GetUserWithDeserilization -->
