<?xml version="1.0" encoding="UTF-8"?>
<!-- Generated by org.testng.reporters.JUnitReportReporter -->
<testsuite hostname="DEEPIKAPATIL" failures="0" tests="1" name="com.qa.api.tests.DeleteTest" time="3.550" errors="0" timestamp="2025-07-09T10:37:02 IST" skipped="0">
  <testcase classname="com.qa.api.tests.DeleteTest" name="CreateUserTestUsingBuilderDeleteTest" time="3.550"/>
</testsuite> <!-- com.qa.api.tests.DeleteTest -->
