<?xml version="1.0" encoding="UTF-8"?>
<!-- Generated by org.testng.reporters.JUnitReportReporter -->
<testsuite hostname="DEEPIKAPATIL" failures="0" tests="1" name="com.qa.basicAuth.api.tests.BasicAuthTest" time="1.861" errors="0" timestamp="2025-03-20T12:55:53 IST" skipped="0">
  <testcase classname="com.qa.basicAuth.api.tests.BasicAuthTest" name="BasicAuthTest" time="1.861"/>
</testsuite> <!-- com.qa.basicAuth.api.tests.BasicAuthTest -->
