<?xml version="1.0" encoding="UTF-8"?>
<!-- Generated by org.testng.reporters.JUnitReportReporter -->
<testsuite hostname="DEEPIKAPATIL" failures="0" tests="2" name="com.qa.products.api.test.ProductAPITest" time="1.072" errors="0" timestamp="2025-03-19T21:03:07 IST" skipped="0">
  <testcase classname="com.qa.products.api.test.ProductAPITest" name="getProductAPITest" time="0.560"/>
  <testcase classname="com.qa.products.api.test.ProductAPITest" name="getProductAPILimitTest" time="0.512"/>
</testsuite> <!-- com.qa.products.api.test.ProductAPITest -->
