<?xml version="1.0" encoding="UTF-8"?>
<!-- Generated by org.testng.reporters.JUnitReportReporter -->
<testsuite hostname="DEEPIKAPATIL" failures="0" tests="1" name="com.qa.api.tests.PutUpdateTest" time="3.002" errors="0" timestamp="2025-03-18T14:59:49 IST" skipped="0">
  <testcase classname="com.qa.api.tests.PutUpdateTest" name="CreateUserTestUsingBuilderPutTest" time="3.002"/>
</testsuite> <!-- com.qa.api.tests.PutUpdateTest -->
