<?xml version="1.0" encoding="UTF-8"?>
<!-- Generated by org.testng.reporters.JUnitReportReporter -->
<testsuite hostname="DEEPIKAPATIL" failures="0" tests="2" name="com.qa.api.tests.GetUserTest" time="2.841" errors="0" timestamp="2025-03-31T09:45:10 IST" skipped="0">
  <testcase classname="com.qa.api.tests.GetUserTest" name="getSingleUserTest" time="0.969"/>
  <testcase classname="com.qa.api.tests.GetUserTest" name="getAllUserTest" time="1.872"/>
</testsuite> <!-- com.qa.api.tests.GetUserTest -->
