<?xml version="1.0" encoding="UTF-8"?>
<!-- Generated by org.testng.reporters.JUnitReportReporter -->
<testsuite hostname="DEEPIKAPATIL" failures="0" tests="1" name="com.qa.contacts.api.tests.ContactAPITest" time="2.278" errors="0" timestamp="2025-03-19T21:03:07 IST" skipped="0">
  <testcase classname="com.qa.contacts.api.tests.ContactAPITest" name="getContactTest" time="2.278"/>
</testsuite> <!-- com.qa.contacts.api.tests.ContactAPITest -->
