<?xml version="1.0" encoding="UTF-8"?>
<!-- Generated by org.testng.reporters.JUnitReportReporter -->
<testsuite hostname="DEEPIKAPATIL" failures="0" tests="1" name="com.qa.api.tests.DeleteTest" time="4.312" errors="0" timestamp="2025-03-19T21:03:07 IST" skipped="0">
  <testcase classname="com.qa.api.tests.DeleteTest" name="CreateUserTestUsingBuilderDeleteTest" time="4.312"/>
</testsuite> <!-- com.qa.api.tests.DeleteTest -->
