<?xml version="1.0" encoding="UTF-8"?>
<!-- Generated by org.testng.reporters.JUnitReportReporter -->
<testsuite hostname="DEEPIKAPATIL" failures="0" tests="2" name="com.qa.api.tests.GetUserTest" time="2.978" errors="0" timestamp="2025-03-18T14:59:49 IST" skipped="0">
  <testcase classname="com.qa.api.tests.GetUserTest" name="getSingleUserTest" time="1.460"/>
  <testcase classname="com.qa.api.tests.GetUserTest" name="getAllUserTest" time="1.518"/>
</testsuite> <!-- com.qa.api.tests.GetUserTest -->
