<?xml version="1.0" encoding="UTF-8"?>
<!-- Generated by org.testng.reporters.JUnitReportReporter -->
<testsuite hostname="DEEPIKAPATIL" failures="0" tests="1" name="com.qa.reqres.api.tests.ReqresTest" time="0.078" errors="0" timestamp="2025-03-31T09:45:10 IST" skipped="0">
  <testcase classname="com.qa.reqres.api.tests.ReqresTest" name="getUserReqresTest" time="0.078"/>
</testsuite> <!-- com.qa.reqres.api.tests.ReqresTest -->
