<?xml version="1.0" encoding="UTF-8"?>
<!-- Generated by org.testng.reporters.JUnitReportReporter -->
<testsuite hostname="DEEPIKAPATIL" failures="0" tests="1" name="com.qa.api.test.PatchUpdateTest" time="4.584" errors="0" timestamp="2025-03-18T14:17:09 IST" skipped="0">
  <testcase classname="com.qa.api.test.PatchUpdateTest" name="CreateUserTestUsingBuilderTest" time="4.584"/>
</testsuite> <!-- com.qa.api.test.PatchUpdateTest -->
