<?xml version="1.0" encoding="UTF-8"?>
<!-- Generated by org.testng.reporters.JUnitReportReporter -->
<testsuite hostname="DEEPIKAPATIL" failures="0" tests="2" name="com.qa.api.tests.GetUserTest" time="4.842" errors="0" timestamp="2025-07-09T10:37:02 IST" skipped="0">
  <testcase classname="com.qa.api.tests.GetUserTest" name="getAllUserTest" time="3.912"/>
  <testcase classname="com.qa.api.tests.GetUserTest" name="getSingleUserTest" time="0.930"/>
</testsuite> <!-- com.qa.api.tests.GetUserTest -->
