<?xml version="1.0" encoding="UTF-8"?>
<!-- Generated by org.testng.reporters.JUnitReportReporter -->
<testsuite hostname="DEEPIKAPATIL" failures="0" tests="1" name="com.qa.api.tests.PatchUpdateTest" time="2.613" errors="0" timestamp="2025-03-20T11:48:51 IST" skipped="0">
  <testcase classname="com.qa.api.tests.PatchUpdateTest" name="CreateUserTestUsingBuilderPatchTest" time="2.613"/>
</testsuite> <!-- com.qa.api.tests.PatchUpdateTest -->
