<?xml version="1.0" encoding="UTF-8"?>
<!-- Generated by org.testng.reporters.JUnitReportReporter -->
<testsuite hostname="DEEPIKAPATIL" failures="0" tests="1" name="com.qa.contacts.api.tests.ContactAPITest" time="2.635" errors="0" timestamp="2025-07-09T10:37:02 IST" skipped="0">
  <testcase classname="com.qa.contacts.api.tests.ContactAPITest" name="getContactTest" time="2.635"/>
</testsuite> <!-- com.qa.contacts.api.tests.ContactAPITest -->
