<?xml version="1.0" encoding="UTF-8"?>
<!-- Generated by org.testng.reporters.JUnitReportReporter -->
<testsuite hostname="DEEPIKAPATIL" failures="0" tests="2" name="com.qa.api.tests.GetUserTest" time="2.979" errors="0" timestamp="2025-03-20T18:43:09 IST" skipped="0">
  <testcase classname="com.qa.api.tests.GetUserTest" name="getAllUserTest" time="1.958"/>
  <testcase classname="com.qa.api.tests.GetUserTest" name="getSingleUserTest" time="1.021"/>
</testsuite> <!-- com.qa.api.tests.GetUserTest -->
