<?xml version="1.0" encoding="UTF-8"?>
<!-- Generated by org.testng.reporters.JUnitReportReporter -->
<testsuite hostname="DEEPIKAPATIL" failures="0" tests="1" name="com.qa.api.tests.GetUserWithDeserilization" time="0.785" errors="0" timestamp="2025-03-20T18:43:09 IST" skipped="0">
  <testcase classname="com.qa.api.tests.GetUserWithDeserilization" name="getDeserilizeAllUserTest" time="0.785"/>
</testsuite> <!-- com.qa.api.tests.GetUserWithDeserilization -->
