<?xml version="1.0" encoding="UTF-8"?>
<!-- Generated by org.testng.reporters.JUnitReportReporter -->
<testsuite hostname="DEEPIKAPATIL" failures="0" tests="2" name="com.qa.products.api.test.ProductAPITest" time="1.224" errors="0" timestamp="2025-03-20T18:43:09 IST" skipped="0">
  <testcase classname="com.qa.products.api.test.ProductAPITest" name="getProductAPILimitTest" time="0.596"/>
  <testcase classname="com.qa.products.api.test.ProductAPITest" name="getProductAPITest" time="0.628"/>
</testsuite> <!-- com.qa.products.api.test.ProductAPITest -->
